<?xml version="1.0" encoding="UTF-8"?>
<robot generator="Robot 3.2.2 (Python 3.9.1 on win32)" generated="20210215 17:56:25.800" rpa="false">
<suite id="s1" name="testeLogin" source="C:\Users\Yron Hayashida\Documents\PocRobotFrameWork\Testes\testeLogin.robot">
<test id="s1-t1" name="logar no app">
<kw name="Open Session" library="KeyWordLogin" type="setup">
<kw name="Set Appium Timeout" library="AppiumLibrary">
<doc>Sets the timeout in seconds used by various keywords.</doc>
<arguments>
<arg>20</arg>
</arguments>
<status status="PASS" starttime="20210215 17:56:25.975" endtime="20210215 17:56:25.975"></status>
</kw>
<kw name="Open Application" library="AppiumLibrary">
<doc>Opens a new application to given Appium server.
Capabilities of appium server, Android and iOS,
Please check https://github.com/appium/appium/blob/master/docs/en/writing-running-appium/server-args.md
| *Option*            | *Man.* | *Description*     |
| remote_url          | Yes    | Appium server url |
| alias               | no     | alias             |</doc>
<arguments>
<arg>http://localhost:4723/wd/hub</arg>
<arg>automationName=UiAutomator2</arg>
<arg>platformName=Android</arg>
<arg>deviceName=campo_obrigatorio_mas_sem_utilizacao</arg>
<arg>app=C:\\apk\\justo.apk</arg>
<arg>appPackage=br.com.justa.justo</arg>
<arg>appActivity=crc64568f19e795968218.SplashActivity</arg>
</arguments>
<status status="PASS" starttime="20210215 17:56:25.975" endtime="20210215 17:56:43.067"></status>
</kw>
<status status="PASS" starttime="20210215 17:56:25.974" endtime="20210215 17:56:43.067"></status>
</kw>
<kw name="Realizar Login" library="KeyWordLogin">
<kw name="Wait Until Element Is Visible" library="AppiumLibrary">
<doc>Waits until element specified with `locator` is visible.</doc>
<arguments>
<arg>${permissao}</arg>
</arguments>
<status status="PASS" starttime="20210215 17:56:43.070" endtime="20210215 17:56:46.945"></status>
</kw>
<kw name="Click Element" library="AppiumLibrary">
<doc>Click element identified by `locator`.</doc>
<arguments>
<arg>${permissao}</arg>
</arguments>
<msg timestamp="20210215 17:56:46.947" level="INFO">Clicking element 'com.android.permissioncontroller:id/permission_allow_button'.</msg>
<status status="PASS" starttime="20210215 17:56:46.945" endtime="20210215 17:56:47.041"></status>
</kw>
<kw name="Wait Until Element Is Visible" library="AppiumLibrary">
<doc>Waits until element specified with `locator` is visible.</doc>
<arguments>
<arg>${campoEmail}</arg>
</arguments>
<status status="PASS" starttime="20210215 17:56:47.041" endtime="20210215 17:56:51.503"></status>
</kw>
<kw name="Input Value" library="AppiumLibrary">
<doc>Sets the given value into text field identified by `locator`. This is an IOS only keyword, input value makes use of set_value</doc>
<arguments>
<arg>${campoEmail}</arg>
<arg>${usuarioPadrao}</arg>
</arguments>
<msg timestamp="20210215 17:56:51.505" level="INFO">Setting text 'ajuda@justa.com.vc' into text field 'xpath=//android.widget.EditText[@content-desc="email"]'</msg>
<status status="PASS" starttime="20210215 17:56:51.503" endtime="20210215 17:56:52.442"></status>
</kw>
<kw name="Input Value" library="AppiumLibrary">
<doc>Sets the given value into text field identified by `locator`. This is an IOS only keyword, input value makes use of set_value</doc>
<arguments>
<arg>${campoSenha}</arg>
<arg>${senhaPadrao}</arg>
</arguments>
<msg timestamp="20210215 17:56:52.444" level="INFO">Setting text '29959810000151j' into text field 'xpath=//android.widget.EditText[@content-desc="password"]'</msg>
<status status="PASS" starttime="20210215 17:56:52.442" endtime="20210215 17:56:53.059"></status>
</kw>
<kw name="Set Appium Timeout" library="AppiumLibrary">
<doc>Sets the timeout in seconds used by various keywords.</doc>
<arguments>
<arg>100</arg>
</arguments>
<status status="PASS" starttime="20210215 17:56:53.059" endtime="20210215 17:56:53.059"></status>
</kw>
<kw name="Click Text" library="AppiumLibrary">
<doc>Click text identified by ``text``.</doc>
<arguments>
<arg>${botaoEntrar}</arg>
</arguments>
<status status="PASS" starttime="20210215 17:56:53.059" endtime="20210215 17:56:54.057"></status>
</kw>
<status status="PASS" starttime="20210215 17:56:43.068" endtime="20210215 17:56:54.057"></status>
</kw>
<kw name="Devera logar" library="KeyWordLogin">
<kw name="Set Appium Timeout" library="AppiumLibrary">
<doc>Sets the timeout in seconds used by various keywords.</doc>
<arguments>
<arg>100</arg>
</arguments>
<status status="PASS" starttime="20210215 17:56:54.058" endtime="20210215 17:56:54.058"></status>
</kw>
<kw name="Wait Until Element Is Visible" library="AppiumLibrary">
<doc>Waits until element specified with `locator` is visible.</doc>
<arguments>
<arg>${botaoOk}</arg>
</arguments>
<status status="PASS" starttime="20210215 17:56:54.058" endtime="20210215 17:57:03.206"></status>
</kw>
<kw name="Element Text Should Be" library="AppiumLibrary">
<doc>Verifies element identified by ``locator`` exactly contains text ``expected``.</doc>
<arguments>
<arg>${botaoOk}</arg>
<arg>OK</arg>
</arguments>
<msg timestamp="20210215 17:57:03.208" level="INFO">Verifying element 'xpath=/hierarchy/android.widget.FrameLayout/android.widget.LinearLayout/android.widget.FrameLayout/android.widget.FrameLayout/android.widget.FrameLayout/androidx.appcompat.widget.LinearLayoutCompat/android.widget.ScrollView/android.widget.LinearLayout/android.widget.Button' contains exactly text 'OK'.</msg>
<status status="PASS" starttime="20210215 17:57:03.206" endtime="20210215 17:57:03.318"></status>
</kw>
<status status="PASS" starttime="20210215 17:56:54.058" endtime="20210215 17:57:03.318"></status>
</kw>
<kw name="Close Application" library="AppiumLibrary" type="teardown">
<doc>Closes the current application and also close webdriver session.</doc>
<status status="PASS" starttime="20210215 17:57:03.319" endtime="20210215 17:57:03.938"></status>
</kw>
<status status="PASS" starttime="20210215 17:56:25.974" endtime="20210215 17:57:03.946" critical="yes"></status>
</test>
<test id="s1-t2" name="Tentativa de logon com e-mail invalido">
<kw name="Open Session" library="KeyWordLogin" type="setup">
<kw name="Set Appium Timeout" library="AppiumLibrary">
<doc>Sets the timeout in seconds used by various keywords.</doc>
<arguments>
<arg>20</arg>
</arguments>
<status status="PASS" starttime="20210215 17:57:03.973" endtime="20210215 17:57:03.973"></status>
</kw>
<kw name="Open Application" library="AppiumLibrary">
<doc>Opens a new application to given Appium server.
Capabilities of appium server, Android and iOS,
Please check https://github.com/appium/appium/blob/master/docs/en/writing-running-appium/server-args.md
| *Option*            | *Man.* | *Description*     |
| remote_url          | Yes    | Appium server url |
| alias               | no     | alias             |</doc>
<arguments>
<arg>http://localhost:4723/wd/hub</arg>
<arg>automationName=UiAutomator2</arg>
<arg>platformName=Android</arg>
<arg>deviceName=campo_obrigatorio_mas_sem_utilizacao</arg>
<arg>app=C:\\apk\\justo.apk</arg>
<arg>appPackage=br.com.justa.justo</arg>
<arg>appActivity=crc64568f19e795968218.SplashActivity</arg>
</arguments>
<status status="PASS" starttime="20210215 17:57:03.973" endtime="20210215 17:57:24.541"></status>
</kw>
<status status="PASS" starttime="20210215 17:57:03.972" endtime="20210215 17:57:24.541"></status>
</kw>
<kw name="Realizar Login com e-mail incorreto" library="KeyWordLogin">
<kw name="Wait Until Element Is Visible" library="AppiumLibrary">
<doc>Waits until element specified with `locator` is visible.</doc>
<arguments>
<arg>${permissao}</arg>
</arguments>
<status status="PASS" starttime="20210215 17:57:24.543" endtime="20210215 17:57:28.417"></status>
</kw>
<kw name="Click Element" library="AppiumLibrary">
<doc>Click element identified by `locator`.</doc>
<arguments>
<arg>${permissao}</arg>
</arguments>
<msg timestamp="20210215 17:57:28.420" level="INFO">Clicking element 'com.android.permissioncontroller:id/permission_allow_button'.</msg>
<status status="PASS" starttime="20210215 17:57:28.417" endtime="20210215 17:57:28.547"></status>
</kw>
<kw name="Wait Until Element Is Visible" library="AppiumLibrary">
<doc>Waits until element specified with `locator` is visible.</doc>
<arguments>
<arg>${campoEmail}</arg>
</arguments>
<status status="PASS" starttime="20210215 17:57:28.548" endtime="20210215 17:57:34.498"></status>
</kw>
<kw name="Input Value" library="AppiumLibrary">
<doc>Sets the given value into text field identified by `locator`. This is an IOS only keyword, input value makes use of set_value</doc>
<arguments>
<arg>${campoEmail}</arg>
<arg>erro@erro.com</arg>
</arguments>
<msg timestamp="20210215 17:57:34.500" level="INFO">Setting text 'erro@erro.com' into text field 'xpath=//android.widget.EditText[@content-desc="email"]'</msg>
<status status="PASS" starttime="20210215 17:57:34.498" endtime="20210215 17:57:35.361"></status>
</kw>
<kw name="Input Value" library="AppiumLibrary">
<doc>Sets the given value into text field identified by `locator`. This is an IOS only keyword, input value makes use of set_value</doc>
<arguments>
<arg>${campoSenha}</arg>
<arg>${senhaPadrao}</arg>
</arguments>
<msg timestamp="20210215 17:57:35.364" level="INFO">Setting text '29959810000151j' into text field 'xpath=//android.widget.EditText[@content-desc="password"]'</msg>
<status status="PASS" starttime="20210215 17:57:35.362" endtime="20210215 17:57:35.989"></status>
</kw>
<kw name="Set Appium Timeout" library="AppiumLibrary">
<doc>Sets the timeout in seconds used by various keywords.</doc>
<arguments>
<arg>100</arg>
</arguments>
<status status="PASS" starttime="20210215 17:57:35.989" endtime="20210215 17:57:35.989"></status>
</kw>
<kw name="Click Text" library="AppiumLibrary">
<doc>Click text identified by ``text``.</doc>
<arguments>
<arg>${botaoEntrar}</arg>
</arguments>
<status status="PASS" starttime="20210215 17:57:35.989" endtime="20210215 17:57:37.189"></status>
</kw>
<status status="PASS" starttime="20210215 17:57:24.542" endtime="20210215 17:57:37.190"></status>
</kw>
<kw name="Mostrar Mensagem Usuario ou Senha Invalida" library="KeyWordLogin">
<kw name="Set Appium Timeout" library="AppiumLibrary">
<doc>Sets the timeout in seconds used by various keywords.</doc>
<arguments>
<arg>100</arg>
</arguments>
<status status="PASS" starttime="20210215 17:57:37.191" endtime="20210215 17:57:37.191"></status>
</kw>
<kw name="Wait Until Element Is Visible" library="AppiumLibrary">
<doc>Waits until element specified with `locator` is visible.</doc>
<arguments>
<arg>${usuarioOuSenhaInvalido}</arg>
</arguments>
<status status="PASS" starttime="20210215 17:57:37.191" endtime="20210215 17:57:39.901"></status>
</kw>
<kw name="Element Text Should Be" library="AppiumLibrary">
<doc>Verifies element identified by ``locator`` exactly contains text ``expected``.</doc>
<arguments>
<arg>${usuarioOuSenhaInvalido}</arg>
<arg>O usuário ou a senha é inválida.</arg>
</arguments>
<msg timestamp="20210215 17:57:39.903" level="INFO">Verifying element 'xpath=/hierarchy/android.widget.FrameLayout/android.widget.LinearLayout/android.widget.FrameLayout/android.widget.FrameLayout/android.widget.FrameLayout/androidx.appcompat.widget.LinearLayoutCompat/android.widget.FrameLayout/android.widget.ScrollView/android.widget.LinearLayout/android.widget.TextView' contains exactly text 'O usuário ou a senha é inválida.'.</msg>
<status status="PASS" starttime="20210215 17:57:39.901" endtime="20210215 17:57:39.971"></status>
</kw>
<status status="PASS" starttime="20210215 17:57:37.190" endtime="20210215 17:57:39.972"></status>
</kw>
<kw name="Close Application" library="AppiumLibrary" type="teardown">
<doc>Closes the current application and also close webdriver session.</doc>
<status status="PASS" starttime="20210215 17:57:39.972" endtime="20210215 17:57:40.514"></status>
</kw>
<status status="PASS" starttime="20210215 17:57:03.972" endtime="20210215 17:57:40.514" critical="yes"></status>
</test>
<test id="s1-t3" name="Tentativa de logon com senha invalido">
<kw name="Open Session" library="KeyWordLogin" type="setup">
<kw name="Set Appium Timeout" library="AppiumLibrary">
<doc>Sets the timeout in seconds used by various keywords.</doc>
<arguments>
<arg>20</arg>
</arguments>
<status status="PASS" starttime="20210215 17:57:40.527" endtime="20210215 17:57:40.527"></status>
</kw>
<kw name="Open Application" library="AppiumLibrary">
<doc>Opens a new application to given Appium server.
Capabilities of appium server, Android and iOS,
Please check https://github.com/appium/appium/blob/master/docs/en/writing-running-appium/server-args.md
| *Option*            | *Man.* | *Description*     |
| remote_url          | Yes    | Appium server url |
| alias               | no     | alias             |</doc>
<arguments>
<arg>http://localhost:4723/wd/hub</arg>
<arg>automationName=UiAutomator2</arg>
<arg>platformName=Android</arg>
<arg>deviceName=campo_obrigatorio_mas_sem_utilizacao</arg>
<arg>app=C:\\apk\\justo.apk</arg>
<arg>appPackage=br.com.justa.justo</arg>
<arg>appActivity=crc64568f19e795968218.SplashActivity</arg>
</arguments>
<status status="PASS" starttime="20210215 17:57:40.527" endtime="20210215 17:58:00.700"></status>
</kw>
<status status="PASS" starttime="20210215 17:57:40.526" endtime="20210215 17:58:00.700"></status>
</kw>
<kw name="Realizar Login com senha incorreto" library="KeyWordLogin">
<kw name="Wait Until Element Is Visible" library="AppiumLibrary">
<doc>Waits until element specified with `locator` is visible.</doc>
<arguments>
<arg>${permissao}</arg>
</arguments>
<status status="PASS" starttime="20210215 17:58:00.701" endtime="20210215 17:58:04.557"></status>
</kw>
<kw name="Click Element" library="AppiumLibrary">
<doc>Click element identified by `locator`.</doc>
<arguments>
<arg>${permissao}</arg>
</arguments>
<msg timestamp="20210215 17:58:04.560" level="INFO">Clicking element 'com.android.permissioncontroller:id/permission_allow_button'.</msg>
<status status="PASS" starttime="20210215 17:58:04.558" endtime="20210215 17:58:04.661"></status>
</kw>
<kw name="Wait Until Element Is Visible" library="AppiumLibrary">
<doc>Waits until element specified with `locator` is visible.</doc>
<arguments>
<arg>${campoEmail}</arg>
</arguments>
<status status="PASS" starttime="20210215 17:58:04.661" endtime="20210215 17:58:09.679"></status>
</kw>
<kw name="Input Value" library="AppiumLibrary">
<doc>Sets the given value into text field identified by `locator`. This is an IOS only keyword, input value makes use of set_value</doc>
<arguments>
<arg>${campoEmail}</arg>
<arg>${usuarioPadrao}</arg>
</arguments>
<msg timestamp="20210215 17:58:09.681" level="INFO">Setting text 'ajuda@justa.com.vc' into text field 'xpath=//android.widget.EditText[@content-desc="email"]'</msg>
<status status="PASS" starttime="20210215 17:58:09.679" endtime="20210215 17:58:09.872"></status>
</kw>
<kw name="Input Value" library="AppiumLibrary">
<doc>Sets the given value into text field identified by `locator`. This is an IOS only keyword, input value makes use of set_value</doc>
<arguments>
<arg>${campoSenha}</arg>
<arg>erroo</arg>
</arguments>
<msg timestamp="20210215 17:58:09.874" level="INFO">Setting text 'erroo' into text field 'xpath=//android.widget.EditText[@content-desc="password"]'</msg>
<status status="PASS" starttime="20210215 17:58:09.872" endtime="20210215 17:58:11.104"></status>
</kw>
<kw name="Set Appium Timeout" library="AppiumLibrary">
<doc>Sets the timeout in seconds used by various keywords.</doc>
<arguments>
<arg>100</arg>
</arguments>
<status status="PASS" starttime="20210215 17:58:11.105" endtime="20210215 17:58:11.105"></status>
</kw>
<kw name="Click Text" library="AppiumLibrary">
<doc>Click text identified by ``text``.</doc>
<arguments>
<arg>${botaoEntrar}</arg>
</arguments>
<status status="PASS" starttime="20210215 17:58:11.105" endtime="20210215 17:58:12.118"></status>
</kw>
<status status="PASS" starttime="20210215 17:58:00.701" endtime="20210215 17:58:12.119"></status>
</kw>
<kw name="Mostrar Mensagem Usuario ou Senha Invalida" library="KeyWordLogin">
<kw name="Set Appium Timeout" library="AppiumLibrary">
<doc>Sets the timeout in seconds used by various keywords.</doc>
<arguments>
<arg>100</arg>
</arguments>
<status status="PASS" starttime="20210215 17:58:12.120" endtime="20210215 17:58:12.120"></status>
</kw>
<kw name="Wait Until Element Is Visible" library="AppiumLibrary">
<doc>Waits until element specified with `locator` is visible.</doc>
<arguments>
<arg>${usuarioOuSenhaInvalido}</arg>
</arguments>
<status status="PASS" starttime="20210215 17:58:12.120" endtime="20210215 17:58:15.193"></status>
</kw>
<kw name="Element Text Should Be" library="AppiumLibrary">
<doc>Verifies element identified by ``locator`` exactly contains text ``expected``.</doc>
<arguments>
<arg>${usuarioOuSenhaInvalido}</arg>
<arg>O usuário ou a senha é inválida.</arg>
</arguments>
<msg timestamp="20210215 17:58:15.195" level="INFO">Verifying element 'xpath=/hierarchy/android.widget.FrameLayout/android.widget.LinearLayout/android.widget.FrameLayout/android.widget.FrameLayout/android.widget.FrameLayout/androidx.appcompat.widget.LinearLayoutCompat/android.widget.FrameLayout/android.widget.ScrollView/android.widget.LinearLayout/android.widget.TextView' contains exactly text 'O usuário ou a senha é inválida.'.</msg>
<status status="PASS" starttime="20210215 17:58:15.193" endtime="20210215 17:58:15.276"></status>
</kw>
<status status="PASS" starttime="20210215 17:58:12.119" endtime="20210215 17:58:15.276"></status>
</kw>
<kw name="Close Application" library="AppiumLibrary" type="teardown">
<doc>Closes the current application and also close webdriver session.</doc>
<status status="PASS" starttime="20210215 17:58:15.277" endtime="20210215 17:58:15.957"></status>
</kw>
<status status="PASS" starttime="20210215 17:57:40.524" endtime="20210215 17:58:15.962" critical="yes"></status>
</test>
<test id="s1-t4" name="Teste Sair do App">
<kw name="Open Session" library="KeyWordLogin" type="setup">
<kw name="Set Appium Timeout" library="AppiumLibrary">
<doc>Sets the timeout in seconds used by various keywords.</doc>
<arguments>
<arg>20</arg>
</arguments>
<status status="PASS" starttime="20210215 17:58:15.972" endtime="20210215 17:58:15.973"></status>
</kw>
<kw name="Open Application" library="AppiumLibrary">
<doc>Opens a new application to given Appium server.
Capabilities of appium server, Android and iOS,
Please check https://github.com/appium/appium/blob/master/docs/en/writing-running-appium/server-args.md
| *Option*            | *Man.* | *Description*     |
| remote_url          | Yes    | Appium server url |
| alias               | no     | alias             |</doc>
<arguments>
<arg>http://localhost:4723/wd/hub</arg>
<arg>automationName=UiAutomator2</arg>
<arg>platformName=Android</arg>
<arg>deviceName=campo_obrigatorio_mas_sem_utilizacao</arg>
<arg>app=C:\\apk\\justo.apk</arg>
<arg>appPackage=br.com.justa.justo</arg>
<arg>appActivity=crc64568f19e795968218.SplashActivity</arg>
</arguments>
<status status="PASS" starttime="20210215 17:58:15.973" endtime="20210215 17:58:36.676"></status>
</kw>
<status status="PASS" starttime="20210215 17:58:15.972" endtime="20210215 17:58:36.676"></status>
</kw>
<kw name="Realizar Login" library="KeyWordLogin">
<kw name="Wait Until Element Is Visible" library="AppiumLibrary">
<doc>Waits until element specified with `locator` is visible.</doc>
<arguments>
<arg>${permissao}</arg>
</arguments>
<status status="PASS" starttime="20210215 17:58:36.678" endtime="20210215 17:58:40.559"></status>
</kw>
<kw name="Click Element" library="AppiumLibrary">
<doc>Click element identified by `locator`.</doc>
<arguments>
<arg>${permissao}</arg>
</arguments>
<msg timestamp="20210215 17:58:40.561" level="INFO">Clicking element 'com.android.permissioncontroller:id/permission_allow_button'.</msg>
<status status="PASS" starttime="20210215 17:58:40.559" endtime="20210215 17:58:40.659"></status>
</kw>
<kw name="Wait Until Element Is Visible" library="AppiumLibrary">
<doc>Waits until element specified with `locator` is visible.</doc>
<arguments>
<arg>${campoEmail}</arg>
</arguments>
<status status="PASS" starttime="20210215 17:58:40.659" endtime="20210215 17:58:45.312"></status>
</kw>
<kw name="Input Value" library="AppiumLibrary">
<doc>Sets the given value into text field identified by `locator`. This is an IOS only keyword, input value makes use of set_value</doc>
<arguments>
<arg>${campoEmail}</arg>
<arg>${usuarioPadrao}</arg>
</arguments>
<msg timestamp="20210215 17:58:45.314" level="INFO">Setting text 'ajuda@justa.com.vc' into text field 'xpath=//android.widget.EditText[@content-desc="email"]'</msg>
<status status="PASS" starttime="20210215 17:58:45.312" endtime="20210215 17:58:46.117"></status>
</kw>
<kw name="Input Value" library="AppiumLibrary">
<doc>Sets the given value into text field identified by `locator`. This is an IOS only keyword, input value makes use of set_value</doc>
<arguments>
<arg>${campoSenha}</arg>
<arg>${senhaPadrao}</arg>
</arguments>
<msg timestamp="20210215 17:58:46.118" level="INFO">Setting text '29959810000151j' into text field 'xpath=//android.widget.EditText[@content-desc="password"]'</msg>
<status status="PASS" starttime="20210215 17:58:46.117" endtime="20210215 17:58:47.594"></status>
</kw>
<kw name="Set Appium Timeout" library="AppiumLibrary">
<doc>Sets the timeout in seconds used by various keywords.</doc>
<arguments>
<arg>100</arg>
</arguments>
<status status="PASS" starttime="20210215 17:58:47.595" endtime="20210215 17:58:47.595"></status>
</kw>
<kw name="Click Text" library="AppiumLibrary">
<doc>Click text identified by ``text``.</doc>
<arguments>
<arg>${botaoEntrar}</arg>
</arguments>
<status status="PASS" starttime="20210215 17:58:47.595" endtime="20210215 17:58:48.214"></status>
</kw>
<status status="PASS" starttime="20210215 17:58:36.677" endtime="20210215 17:58:48.215"></status>
</kw>
<kw name="Sair da conta" library="KeyWordLogin">
<kw name="Set Appium Timeout" library="AppiumLibrary">
<doc>Sets the timeout in seconds used by various keywords.</doc>
<arguments>
<arg>100</arg>
</arguments>
<status status="PASS" starttime="20210215 17:58:48.216" endtime="20210215 17:58:48.216"></status>
</kw>
<kw name="Wait Until Element Is Visible" library="AppiumLibrary">
<doc>Waits until element specified with `locator` is visible.</doc>
<arguments>
<arg>${botaoOk}</arg>
</arguments>
<status status="PASS" starttime="20210215 17:58:48.216" endtime="20210215 17:58:57.401"></status>
</kw>
<kw name="Click Element" library="AppiumLibrary">
<doc>Click element identified by `locator`.</doc>
<arguments>
<arg>${botaoOk}</arg>
</arguments>
<msg timestamp="20210215 17:58:57.402" level="INFO">Clicking element 'xpath=/hierarchy/android.widget.FrameLayout/android.widget.LinearLayout/android.widget.FrameLayout/android.widget.FrameLayout/android.widget.FrameLayout/androidx.appcompat.widget.LinearLayoutCompat/android.widget.ScrollView/android.widget.LinearLayout/android.widget.Button'.</msg>
<status status="PASS" starttime="20210215 17:58:57.401" endtime="20210215 17:58:57.507"></status>
</kw>
<kw name="Wait Until Element Is Visible" library="AppiumLibrary">
<doc>Waits until element specified with `locator` is visible.</doc>
<arguments>
<arg>${menu}</arg>
</arguments>
<status status="PASS" starttime="20210215 17:58:57.508" endtime="20210215 17:58:58.358"></status>
</kw>
<kw name="Click Element" library="AppiumLibrary">
<doc>Click element identified by `locator`.</doc>
<arguments>
<arg>${menu}</arg>
</arguments>
<msg timestamp="20210215 17:58:58.362" level="INFO">Clicking element 'xpath=//android.widget.ImageButton[@content-desc="OK"]'.</msg>
<status status="PASS" starttime="20210215 17:58:58.358" endtime="20210215 17:58:58.485"></status>
</kw>
<kw name="Wait Until Element Is Visible" library="AppiumLibrary">
<doc>Waits until element specified with `locator` is visible.</doc>
<arguments>
<arg>${tabelaMenu}</arg>
</arguments>
<status status="PASS" starttime="20210215 17:58:58.486" endtime="20210215 17:58:59.495"></status>
</kw>
<kw name="Click Text" library="AppiumLibrary">
<doc>Click text identified by ``text``.</doc>
<arguments>
<arg>${sairDoApp}</arg>
</arguments>
<status status="PASS" starttime="20210215 17:58:59.496" endtime="20210215 17:59:00.259"></status>
</kw>
<kw name="Wait Until Element Is Visible" library="AppiumLibrary">
<doc>Waits until element specified with `locator` is visible.</doc>
<arguments>
<arg>${sairDoAppSim}</arg>
</arguments>
<status status="PASS" starttime="20210215 17:59:00.260" endtime="20210215 17:59:00.369"></status>
</kw>
<kw name="Click Element" library="AppiumLibrary">
<doc>Click element identified by `locator`.</doc>
<arguments>
<arg>${sairDoAppSim}</arg>
</arguments>
<msg timestamp="20210215 17:59:00.370" level="INFO">Clicking element 'xpath=/hierarchy/android.widget.FrameLayout/android.widget.LinearLayout/android.widget.FrameLayout/android.widget.FrameLayout/android.widget.FrameLayout/androidx.appcompat.widget.LinearLayoutCompat/android.widget.ScrollView/android.widget.LinearLayout/android.widget.Button[2]'.</msg>
<status status="PASS" starttime="20210215 17:59:00.369" endtime="20210215 17:59:00.501"></status>
</kw>
<status status="PASS" starttime="20210215 17:58:48.216" endtime="20210215 17:59:00.502"></status>
</kw>
<kw name="Devera voltar a tela de Login" library="KeyWordLogin">
<kw name="Set Appium Timeout" library="AppiumLibrary">
<doc>Sets the timeout in seconds used by various keywords.</doc>
<arguments>
<arg>300</arg>
</arguments>
<status status="PASS" starttime="20210215 17:59:00.506" endtime="20210215 17:59:00.506"></status>
</kw>
<kw name="Element Should Be Enabled" library="AppiumLibrary">
<doc>Verifies that element identified with locator is enabled.</doc>
<arguments>
<arg>${campoSenha}</arg>
</arguments>
<msg timestamp="20210215 17:59:01.294" level="INFO">Element 'xpath=//android.widget.EditText[@content-desc="password"]' is enabled .</msg>
<status status="PASS" starttime="20210215 17:59:00.507" endtime="20210215 17:59:01.294"></status>
</kw>
<status status="PASS" starttime="20210215 17:59:00.504" endtime="20210215 17:59:01.294"></status>
</kw>
<kw name="Close Application" library="AppiumLibrary" type="teardown">
<doc>Closes the current application and also close webdriver session.</doc>
<status status="PASS" starttime="20210215 17:59:01.296" endtime="20210215 17:59:01.960"></status>
</kw>
<status status="PASS" starttime="20210215 17:58:15.970" endtime="20210215 17:59:01.961" critical="yes"></status>
</test>
<status status="PASS" starttime="20210215 17:56:25.801" endtime="20210215 17:59:01.964"></status>
</suite>
<statistics>
<total>
<stat pass="4" fail="0">Critical Tests</stat>
<stat pass="4" fail="0">All Tests</stat>
</total>
<tag>
</tag>
<suite>
<stat pass="4" fail="0" id="s1" name="testeLogin">testeLogin</stat>
</suite>
</statistics>
<errors>
</errors>
</robot>
