<?xml version="1.0" encoding="UTF-8"?>
<robot generator="Robot 3.2.2 (Python 3.9.1 on win32)" generated="20210215 17:52:45.205" rpa="false">
<suite id="s1" name="testeLogin" source="C:\Users\Yron Hayashida\Documents\PocRobotFrameWork\Testes\testeLogin.robot">
<test id="s1-t1" name="Teste Sair do App">
<kw name="Open Session" library="KeyWordLogin" type="setup">
<kw name="Set Appium Timeout" library="AppiumLibrary">
<doc>Sets the timeout in seconds used by various keywords.</doc>
<arguments>
<arg>20</arg>
</arguments>
<status status="PASS" starttime="20210215 17:52:45.383" endtime="20210215 17:52:45.383"></status>
</kw>
<kw name="Open Application" library="AppiumLibrary">
<doc>Opens a new application to given Appium server.
Capabilities of appium server, Android and iOS,
Please check https://github.com/appium/appium/blob/master/docs/en/writing-running-appium/server-args.md
| *Option*            | *Man.* | *Description*     |
| remote_url          | Yes    | Appium server url |
| alias               | no     | alias             |</doc>
<arguments>
<arg>http://localhost:4723/wd/hub</arg>
<arg>automationName=UiAutomator2</arg>
<arg>platformName=Android</arg>
<arg>deviceName=campo_obrigatorio_mas_sem_utilizacao</arg>
<arg>app=C:\\apk\\justo.apk</arg>
<arg>appPackage=br.com.justa.justo</arg>
<arg>appActivity=crc64568f19e795968218.SplashActivity</arg>
</arguments>
<status status="PASS" starttime="20210215 17:52:45.384" endtime="20210215 17:53:02.891"></status>
</kw>
<status status="PASS" starttime="20210215 17:52:45.383" endtime="20210215 17:53:02.891"></status>
</kw>
<kw name="Realizar Login" library="KeyWordLogin">
<kw name="Wait Until Element Is Visible" library="AppiumLibrary">
<doc>Waits until element specified with `locator` is visible.</doc>
<arguments>
<arg>${permissao}</arg>
</arguments>
<kw name="Capture Page Screenshot" library="AppiumLibrary">
<doc>Takes a screenshot of the current page and embeds it into the log.</doc>
<msg timestamp="20210215 17:53:07.164" level="FAIL">WebDriverException: Message: An unknown server-side error occurred while processing the command. Original error: Could not proxy command to the remote server. Original error: socket hang up
</msg>
<status status="FAIL" starttime="20210215 17:53:07.126" endtime="20210215 17:53:07.165"></status>
</kw>
<msg timestamp="20210215 17:53:07.167" level="WARN">Keyword 'Capture Page Screenshot' could not be run on failure: WebDriverException: Message: An unknown server-side error occurred while processing the command. Original error: Could not proxy command to the remote server. Original error: socket hang up
</msg>
<msg timestamp="20210215 17:53:07.177" level="FAIL">WebDriverException: Message: An unknown server-side error occurred while processing the command. Original error: Could not proxy command to the remote server. Original error: socket hang up
</msg>
<status status="FAIL" starttime="20210215 17:53:02.895" endtime="20210215 17:53:07.177"></status>
</kw>
<status status="FAIL" starttime="20210215 17:53:02.892" endtime="20210215 17:53:07.178"></status>
</kw>
<kw name="Close Application" library="AppiumLibrary" type="teardown">
<doc>Closes the current application and also close webdriver session.</doc>
<kw name="Capture Page Screenshot" library="AppiumLibrary">
<doc>Takes a screenshot of the current page and embeds it into the log.</doc>
<msg timestamp="20210215 17:53:08.275" level="FAIL">InvalidSessionIdException: Message: A session is either terminated or not started
</msg>
<status status="FAIL" starttime="20210215 17:53:08.229" endtime="20210215 17:53:08.275"></status>
</kw>
<msg timestamp="20210215 17:53:08.278" level="WARN">Keyword 'Capture Page Screenshot' could not be run on failure: InvalidSessionIdException: Message: A session is either terminated or not started
</msg>
<msg timestamp="20210215 17:53:08.306" level="FAIL">WebDriverException: Message: An unknown server-side error occurred while processing the command. Original error: Error executing adbExec. Original error: 'Command ''C:\\Users\\Yron Hayashida\\AppData\\Local\\Android\\Sdk\\platform-tools\\adb.exe' -P 5037 -s emulator-5554 shell 'settings delete global hidden_api_policy_pre_p_apps;settings delete global hidden_api_policy_p_apps;settings delete global hidden_api_policy'' exited with code 224'; Stderr: ''; Code: '224'
</msg>
<status status="FAIL" starttime="20210215 17:53:07.189" endtime="20210215 17:53:08.306">WebDriverException: Message: An unknown server-side error occurred while processing the command. Original error: Error executing adbExec. Original error: 'Command ''C:\\Users\\Yron Hayashida\\AppData\\Local\\Android\\Sdk\\platform-tools\\adb.exe' -P 5037 -s emulator-5554 shell 'settings delete global hidden_api_policy_pre_p_apps;settings delete global hidden_api_policy_p_apps;settings delete global hidden_api_policy'' exited with code 224'; Stderr: ''; Code: '224'
</status>
</kw>
<status status="FAIL" starttime="20210215 17:52:45.382" endtime="20210215 17:53:08.307" critical="yes">WebDriverException: Message: An unknown server-side error occurred while processing the command. Original error: Could not proxy command to the remote server. Original error: socket hang up


Also teardown failed:
WebDriverException: Message: An unknown server-side error occurred while processing the command. Original error: Error executing adbExec. Original error: 'Command ''C:\\Users\\Yron Hayashida\\AppData\\Local\\Android\\Sdk\\platform-tools\\adb.exe' -P 5037 -s emulator-5554 shell 'settings delete global hidden_api_policy_pre_p_apps;settings delete global hidden_api_policy_p_apps;settings delete global hidden_api_policy'' exited with code 224'; Stderr: ''; Code: '224'
</status>
</test>
<status status="FAIL" starttime="20210215 17:52:45.206" endtime="20210215 17:53:08.469"></status>
</suite>
<statistics>
<total>
<stat pass="0" fail="1">Critical Tests</stat>
<stat pass="0" fail="1">All Tests</stat>
</total>
<tag>
</tag>
<suite>
<stat pass="0" fail="1" id="s1" name="testeLogin">testeLogin</stat>
</suite>
</statistics>
<errors>
<msg timestamp="20210215 17:53:07.167" level="WARN">Keyword 'Capture Page Screenshot' could not be run on failure: WebDriverException: Message: An unknown server-side error occurred while processing the command. Original error: Could not proxy command to the remote server. Original error: socket hang up
</msg>
<msg timestamp="20210215 17:53:08.278" level="WARN">Keyword 'Capture Page Screenshot' could not be run on failure: InvalidSessionIdException: Message: A session is either terminated or not started
</msg>
</errors>
</robot>
